# JRE version: OpenJDK Runtime Environment (8.0_152-b01) (build 1.8.0_152-release-915-b01)
# Java VM: OpenJDK 64-Bit Server VM (25.152-b01 mixed mode linux-amd64 compressed oops)
Heap:
 PSYoungGen      total 138752K, used 39695K [0x00000000e0000000, 0x00000000eba00000, 0x0000000100000000)
  eden space 114176K, 34% used [0x00000000e0000000,0x00000000e26c3d30,0x00000000e6f80000)
  from space 24576K, 0% used [0x00000000e6f80000,0x00000000e6f80000,0x00000000e8780000)
  to   space 25088K, 0% used [0x00000000ea180000,0x00000000ea180000,0x00000000eba00000)
 ParOldGen       total 998400K, used 943444K [0x00000000a0000000, 0x00000000dcf00000, 0x00000000e0000000)
  object space 998400K, 94% used [0x00000000a0000000,0x00000000d9955388,0x00000000dcf00000)
 Metaspace       used 76121K, capacity 80726K, committed 81300K, reserved 1120256K
  class space    used 10009K, capacity 11102K, committed 11196K, reserved 1048576K
GC Heap History (10 events):
Event: 1012.330 GC heap before
{Heap before GC invocations=28 (full 3):
 PSYoungGen      total 139264K, used 130603K [0x00000000e0000000, 0x00000000e9f80000, 0x0000000100000000)
  eden space 122368K, 100% used [0x00000000e0000000,0x00000000e7780000,0x00000000e7780000)
  from space 16896K, 48% used [0x00000000e8f00000,0x00000000e970aca0,0x00000000e9f80000)
  to   space 20480K, 0% used [0x00000000e7780000,0x00000000e7780000,0x00000000e8b80000)
 ParOldGen       total 79360K, used 58860K [0x00000000a0000000, 0x00000000a4d80000, 0x00000000e0000000)
  object space 79360K, 74% used [0x00000000a0000000,0x00000000a397b178,0x00000000a4d80000)
 Metaspace       used 73647K, capacity 78124K, committed 78356K, reserved 1116160K
  class space    used 9719K, capacity 10797K, committed 10812K, reserved 1048576K
Event: 1012.373 GC heap after
Heap after GC invocations=28 (full 3):
 PSYoungGen      total 136704K, used 18008K [0x00000000e0000000, 0x00000000ea080000, 0x0000000100000000)
  eden space 118272K, 0% used [0x00000000e0000000,0x00000000e0000000,0x00000000e7380000)
  from space 18432K, 97% used [0x00000000e7780000,0x00000000e89161b0,0x00000000e8980000)
  to   space 23040K, 0% used [0x00000000e8a00000,0x00000000e8a00000,0x00000000ea080000)
 ParOldGen       total 79360K, used 58868K [0x00000000a0000000, 0x00000000a4d80000, 0x00000000e0000000)
  object space 79360K, 74% used [0x00000000a0000000,0x00000000a397d178,0x00000000a4d80000)
 Metaspace       used 73647K, capacity 78124K, committed 78356K, reserved 1116160K
  class space    used 9719K, capacity 10797K, committed 10812K, reserved 1048576K
}
Event: 1019.036 GC heap before
{Heap before GC invocations=29 (full 3):
 PSYoungGen      total 136704K, used 106048K [0x00000000e0000000, 0x00000000ea080000, 0x0000000100000000)
  eden space 118272K, 74% used [0x00000000e0000000,0x00000000e55fa198,0x00000000e7380000)
  from space 18432K, 97% used [0x00000000e7780000,0x00000000e89161b0,0x00000000e8980000)
  to   space 23040K, 0% used [0x00000000e8a00000,0x00000000e8a00000,0x00000000ea080000)
 ParOldGen       total 897536K, used 872905K [0x00000000a0000000, 0x00000000d6c80000, 0x00000000e0000000)
  object space 897536K, 97% used [0x00000000a0000000,0x00000000d54725f0,0x00000000d6c80000)
 Metaspace       used 76335K, capacity 81090K, committed 81300K, reserved 1120256K
  class space    used 10048K, capacity 11176K, committed 11196K, reserved 1048576K
Event: 1019.110 GC heap after
Heap after GC invocations=29 (full 3):
 PSYoungGen      total 136192K, used 18259K [0x00000000e0000000, 0x00000000e9f80000, 0x0000000100000000)
  eden space 114176K, 0% used [0x00000000e0000000,0x00000000e0000000,0x00000000e6f80000)
  from space 22016K, 82% used [0x00000000e8a00000,0x00000000e9bd4d08,0x00000000e9f80000)
  to   space 24576K, 0% used [0x00000000e6f80000,0x00000000e6f80000,0x00000000e8780000)
 ParOldGen       total 897536K, used 889297K [0x00000000a0000000, 0x00000000d6c80000, 0x00000000e0000000)
  object space 897536K, 99% used [0x00000000a0000000,0x00000000d6474600,0x00000000d6c80000)
 Metaspace       used 76335K, capacity 81090K, committed 81300K, reserved 1120256K
  class space    used 10048K, capacity 11176K, committed 11196K, reserved 1048576K
}
Event: 1019.110 GC heap before
{Heap before GC invocations=30 (full 4):
 PSYoungGen      total 136192K, used 18259K [0x00000000e0000000, 0x00000000e9f80000, 0x0000000100000000)
  eden space 114176K, 0% used [0x00000000e0000000,0x00000000e0000000,0x00000000e6f80000)
  from space 22016K, 82% used [0x00000000e8a00000,0x00000000e9bd4d08,0x00000000e9f80000)
  to   space 24576K, 0% used [0x00000000e6f80000,0x00000000e6f80000,0x00000000e8780000)
 ParOldGen       total 897536K, used 889297K [0x00000000a0000000, 0x00000000d6c80000, 0x00000000e0000000)
  object space 897536K, 99% used [0x00000000a0000000,0x00000000d6474600,0x00000000d6c80000)
 Metaspace       used 76335K, capacity 81090K, committed 81300K, reserved 1120256K
  class space    used 10048K, capacity 11176K, committed 11196K, reserved 1048576K
Event: 1019.524 GC heap after
Heap after GC invocations=30 (full 4):
 PSYoungGen      total 136192K, used 0K [0x00000000e0000000, 0x00000000e9f80000, 0x0000000100000000)
  eden space 114176K, 0% used [0x00000000e0000000,0x00000000e0000000,0x00000000e6f80000)
  from space 22016K, 0% used [0x00000000e8a00000,0x00000000e8a00000,0x00000000e9f80000)
  to   space 24576K, 0% used [0x00000000e6f80000,0x00000000e6f80000,0x00000000e8780000)
 ParOldGen       total 649216K, used 569633K [0x00000000a0000000, 0x00000000c7a00000, 0x00000000e0000000)
  object space 649216K, 87% used [0x00000000a0000000,0x00000000c2c48710,0x00000000c7a00000)
 Metaspace       used 76322K, capacity 81052K, committed 81300K, reserved 1120256K
  class space    used 10043K, capacity 11167K, committed 11196K, reserved 1048576K
}
Event: 1019.949 GC heap before
{Heap before GC invocations=31 (full 4):
 PSYoungGen      total 136192K, used 112065K [0x00000000e0000000, 0x00000000e9f80000, 0x0000000100000000)
  eden space 114176K, 98% used [0x00000000e0000000,0x00000000e6d70468,0x00000000e6f80000)
  from space 22016K, 0% used [0x00000000e8a00000,0x00000000e8a00000,0x00000000e9f80000)
  to   space 24576K, 0% used [0x00000000e6f80000,0x00000000e6f80000,0x00000000e8780000)
 ParOldGen       total 742912K, used 663252K [0x00000000a0000000, 0x00000000cd580000, 0x00000000e0000000)
  object space 742912K, 89% used [0x00000000a0000000,0x00000000c87b5150,0x00000000cd580000)
 Metaspace       used 76322K, capacity 81052K, committed 81300K, reserved 1120256K
  class space    used 10043K, capacity 11167K, committed 11196K, reserved 1048576K
Event: 1020.171 GC heap after
Heap after GC invocations=31 (full 4):
 PSYoungGen      total 138752K, used 96K [0x00000000e0000000, 0x00000000eba00000, 0x0000000100000000)
  eden space 114176K, 0% used [0x00000000e0000000,0x00000000e0000000,0x00000000e6f80000)
  from space 24576K, 0% used [0x00000000e6f80000,0x00000000e6f98000,0x00000000e8780000)
  to   space 25088K, 0% used [0x00000000ea180000,0x00000000ea180000,0x00000000eba00000)
 ParOldGen       total 821760K, used 807150K [0x00000000a0000000, 0x00000000d2280000, 0x00000000e0000000)
  object space 821760K, 98% used [0x00000000a0000000,0x00000000d143baf0,0x00000000d2280000)
 Metaspace       used 76322K, capacity 81052K, committed 81300K, reserved 1120256K
  class space    used 10043K, capacity 11167K, committed 11196K, reserved 1048576K
}
Event: 1020.171 GC heap before
{Heap before GC invocations=32 (full 5):
 PSYoungGen      total 138752K, used 96K [0x00000000e0000000, 0x00000000eba00000, 0x0000000100000000)
  eden space 114176K, 0% used [0x00000000e0000000,0x00000000e0000000,0x00000000e6f80000)
  from space 24576K, 0% used [0x00000000e6f80000,0x00000000e6f98000,0x00000000e8780000)
  to   space 25088K, 0% used [0x00000000ea180000,0x00000000ea180000,0x00000000eba00000)
 ParOldGen       total 821760K, used 807150K [0x00000000a0000000, 0x00000000d2280000, 0x00000000e0000000)
  object space 821760K, 98% used [0x00000000a0000000,0x00000000d143baf0,0x00000000d2280000)
 Metaspace       used 76322K, capacity 81052K, committed 81300K, reserved 1120256K
  class space    used 10043K, capacity 11167K, committed 11196K, reserved 1048576K
Event: 1020.372 GC heap after
Heap after GC invocations=32 (full 5):
 PSYoungGen      total 138752K, used 0K [0x00000000e0000000, 0x00000000eba00000, 0x0000000100000000)
  eden space 114176K, 0% used [0x00000000e0000000,0x00000000e0000000,0x00000000e6f80000)
  from space 24576K, 0% used [0x00000000e6f80000,0x00000000e6f80000,0x00000000e8780000)
  to   space 25088K, 0% used [0x00000000ea180000,0x00000000ea180000,0x00000000eba00000)
 ParOldGen       total 825856K, used 677898K [0x00000000a0000000, 0x00000000d2680000, 0x00000000e0000000)
  object space 825856K, 82% used [0x00000000a0000000,0x00000000c9602ad0,0x00000000d2680000)
 Metaspace       used 76121K, capacity 80726K, committed 81300K, reserved 1120256K
  class space    used 10009K, capacity 11102K, committed 11196K, reserved 1048576K
}

