# JRE version: OpenJDK Runtime Environment (8.0_152-b01) (build 1.8.0_152-release-915-b01)
# Java VM: OpenJDK 64-Bit Server VM (25.152-b01 mixed mode linux-amd64 compressed oops)
Heap:
 PSYoungGen      total 99840K, used 89119K [0x00000000e0000000, 0x00000000e6f00000, 0x0000000100000000)
  eden space 90624K, 98% used [0x00000000e0000000,0x00000000e5707fe0,0x00000000e5880000)
  from space 9216K, 0% used [0x00000000e6300000,0x00000000e6300000,0x00000000e6c00000)
  to   space 10752K, 0% used [0x00000000e5880000,0x00000000e5880000,0x00000000e6300000)
 ParOldGen       total 325632K, used 314183K [0x00000000a0000000, 0x00000000b3e00000, 0x00000000e0000000)
  object space 325632K, 96% used [0x00000000a0000000,0x00000000b32d1d08,0x00000000b3e00000)
 Metaspace       used 54262K, capacity 56116K, committed 56280K, reserved 1097728K
  class space    used 7404K, capacity 7869K, committed 7936K, reserved 1048576K
GC Heap History (10 events):
Event: 10.452 GC heap before
{Heap before GC invocations=17 (full 2):
 PSYoungGen      total 68608K, used 64000K [0x00000000e0000000, 0x00000000e4980000, 0x0000000100000000)
  eden space 64000K, 100% used [0x00000000e0000000,0x00000000e3e80000,0x00000000e3e80000)
  from space 4608K, 0% used [0x00000000e4500000,0x00000000e4500000,0x00000000e4980000)
  to   space 5632K, 0% used [0x00000000e3e80000,0x00000000e3e80000,0x00000000e4400000)
 ParOldGen       total 47104K, used 15505K [0x00000000a0000000, 0x00000000a2e00000, 0x00000000e0000000)
  object space 47104K, 32% used [0x00000000a0000000,0x00000000a0f244f8,0x00000000a2e00000)
 Metaspace       used 39106K, capacity 39820K, committed 40280K, reserved 1083392K
  class space    used 5239K, capacity 5490K, committed 5504K, reserved 1048576K
Event: 10.462 GC heap after
Heap after GC invocations=17 (full 2):
 PSYoungGen      total 69632K, used 5379K [0x00000000e0000000, 0x00000000e5a00000, 0x0000000100000000)
  eden space 64000K, 0% used [0x00000000e0000000,0x00000000e0000000,0x00000000e3e80000)
  from space 5632K, 95% used [0x00000000e3e80000,0x00000000e43c0de8,0x00000000e4400000)
  to   space 6144K, 0% used [0x00000000e5400000,0x00000000e5400000,0x00000000e5a00000)
 ParOldGen       total 47104K, used 15513K [0x00000000a0000000, 0x00000000a2e00000, 0x00000000e0000000)
  object space 47104K, 32% used [0x00000000a0000000,0x00000000a0f264f8,0x00000000a2e00000)
 Metaspace       used 39106K, capacity 39820K, committed 40280K, reserved 1083392K
  class space    used 5239K, capacity 5490K, committed 5504K, reserved 1048576K
}
Event: 11.860 GC heap before
{Heap before GC invocations=18 (full 2):
 PSYoungGen      total 69632K, used 69379K [0x00000000e0000000, 0x00000000e5a00000, 0x0000000100000000)
  eden space 64000K, 100% used [0x00000000e0000000,0x00000000e3e80000,0x00000000e3e80000)
  from space 5632K, 95% used [0x00000000e3e80000,0x00000000e43c0de8,0x00000000e4400000)
  to   space 6144K, 0% used [0x00000000e5400000,0x00000000e5400000,0x00000000e5a00000)
 ParOldGen       total 47104K, used 15513K [0x00000000a0000000, 0x00000000a2e00000, 0x00000000e0000000)
  object space 47104K, 32% used [0x00000000a0000000,0x00000000a0f264f8,0x00000000a2e00000)
 Metaspace       used 45633K, capacity 46676K, committed 46936K, reserved 1089536K
  class space    used 6136K, capacity 6459K, committed 6528K, reserved 1048576K
Event: 11.888 GC heap after
Heap after GC invocations=18 (full 2):
 PSYoungGen      total 83456K, used 6132K [0x00000000e0000000, 0x00000000e6100000, 0x0000000100000000)
  eden space 77312K, 0% used [0x00000000e0000000,0x00000000e0000000,0x00000000e4b80000)
  from space 6144K, 99% used [0x00000000e5400000,0x00000000e59fd3d8,0x00000000e5a00000)
  to   space 8704K, 0% used [0x00000000e4b80000,0x00000000e4b80000,0x00000000e5400000)
 ParOldGen       total 47104K, used 20731K [0x00000000a0000000, 0x00000000a2e00000, 0x00000000e0000000)
  object space 47104K, 44% used [0x00000000a0000000,0x00000000a143eed0,0x00000000a2e00000)
 Metaspace       used 45633K, capacity 46676K, committed 46936K, reserved 1089536K
  class space    used 6136K, capacity 6459K, committed 6528K, reserved 1048576K
}
Event: 13.099 GC heap before
{Heap before GC invocations=19 (full 2):
 PSYoungGen      total 83456K, used 83444K [0x00000000e0000000, 0x00000000e6100000, 0x0000000100000000)
  eden space 77312K, 100% used [0x00000000e0000000,0x00000000e4b80000,0x00000000e4b80000)
  from space 6144K, 99% used [0x00000000e5400000,0x00000000e59fd3d8,0x00000000e5a00000)
  to   space 8704K, 0% used [0x00000000e4b80000,0x00000000e4b80000,0x00000000e5400000)
 ParOldGen       total 47104K, used 20731K [0x00000000a0000000, 0x00000000a2e00000, 0x00000000e0000000)
  object space 47104K, 44% used [0x00000000a0000000,0x00000000a143eed0,0x00000000a2e00000)
 Metaspace       used 49793K, capacity 51294K, committed 51416K, reserved 1093632K
  class space    used 6738K, capacity 7108K, committed 7168K, reserved 1048576K
Event: 13.119 GC heap after
Heap after GC invocations=19 (full 2):
 PSYoungGen      total 86016K, used 6455K [0x00000000e0000000, 0x00000000e6c00000, 0x0000000100000000)
  eden space 77312K, 0% used [0x00000000e0000000,0x00000000e0000000,0x00000000e4b80000)
  from space 8704K, 74% used [0x00000000e4b80000,0x00000000e51cdd90,0x00000000e5400000)
  to   space 9216K, 0% used [0x00000000e6300000,0x00000000e6300000,0x00000000e6c00000)
 ParOldGen       total 47104K, used 26740K [0x00000000a0000000, 0x00000000a2e00000, 0x00000000e0000000)
  object space 47104K, 56% used [0x00000000a0000000,0x00000000a1a1d1f8,0x00000000a2e00000)
 Metaspace       used 49793K, capacity 51294K, committed 51416K, reserved 1093632K
  class space    used 6738K, capacity 7108K, committed 7168K, reserved 1048576K
}
Event: 15.869 GC heap before
{Heap before GC invocations=20 (full 2):
 PSYoungGen      total 86016K, used 79495K [0x00000000e0000000, 0x00000000e6c00000, 0x0000000100000000)
  eden space 77312K, 94% used [0x00000000e0000000,0x00000000e4754030,0x00000000e4b80000)
  from space 8704K, 74% used [0x00000000e4b80000,0x00000000e51cdd90,0x00000000e5400000)
  to   space 9216K, 0% used [0x00000000e6300000,0x00000000e6300000,0x00000000e6c00000)
 ParOldGen       total 283648K, used 276756K [0x00000000a0000000, 0x00000000b1500000, 0x00000000e0000000)
  object space 283648K, 97% used [0x00000000a0000000,0x00000000b0e453e0,0x00000000b1500000)
 Metaspace       used 54261K, capacity 56116K, committed 56280K, reserved 1097728K
  class space    used 7404K, capacity 7869K, committed 7936K, reserved 1048576K
Event: 15.917 GC heap after
Heap after GC invocations=20 (full 2):
 PSYoungGen      total 99840K, used 9215K [0x00000000e0000000, 0x00000000e6f00000, 0x0000000100000000)
  eden space 90624K, 0% used [0x00000000e0000000,0x00000000e0000000,0x00000000e5880000)
  from space 9216K, 99% used [0x00000000e6300000,0x00000000e6bffe58,0x00000000e6c00000)
  to   space 10752K, 0% used [0x00000000e5880000,0x00000000e5880000,0x00000000e6300000)
 ParOldGen       total 283648K, used 277600K [0x00000000a0000000, 0x00000000b1500000, 0x00000000e0000000)
  object space 283648K, 97% used [0x00000000a0000000,0x00000000b0f18218,0x00000000b1500000)
 Metaspace       used 54261K, capacity 56116K, committed 56280K, reserved 1097728K
  class space    used 7404K, capacity 7869K, committed 7936K, reserved 1048576K
}
Event: 15.918 GC heap before
{Heap before GC invocations=21 (full 3):
 PSYoungGen      total 99840K, used 9215K [0x00000000e0000000, 0x00000000e6f00000, 0x0000000100000000)
  eden space 90624K, 0% used [0x00000000e0000000,0x00000000e0000000,0x00000000e5880000)
  from space 9216K, 99% used [0x00000000e6300000,0x00000000e6bffe58,0x00000000e6c00000)
  to   space 10752K, 0% used [0x00000000e5880000,0x00000000e5880000,0x00000000e6300000)
 ParOldGen       total 283648K, used 277600K [0x00000000a0000000, 0x00000000b1500000, 0x00000000e0000000)
  object space 283648K, 97% used [0x00000000a0000000,0x00000000b0f18218,0x00000000b1500000)
 Metaspace       used 54261K, capacity 56116K, committed 56280K, reserved 1097728K
  class space    used 7404K, capacity 7869K, committed 7936K, reserved 1048576K
Event: 16.176 GC heap after
Heap after GC invocations=21 (full 3):
 PSYoungGen      total 99840K, used 0K [0x00000000e0000000, 0x00000000e6f00000, 0x0000000100000000)
  eden space 90624K, 0% used [0x00000000e0000000,0x00000000e0000000,0x00000000e5880000)
  from space 9216K, 0% used [0x00000000e6300000,0x00000000e6300000,0x00000000e6c00000)
  to   space 10752K, 0% used [0x00000000e5880000,0x00000000e5880000,0x00000000e6300000)
 ParOldGen       total 254976K, used 205325K [0x00000000a0000000, 0x00000000af900000, 0x00000000e0000000)
  object space 254976K, 80% used [0x00000000a0000000,0x00000000ac8835b0,0x00000000af900000)
 Metaspace       used 54261K, capacity 56116K, committed 56280K, reserved 1097728K
  class space    used 7404K, capacity 7869K, committed 7936K, reserved 1048576K
}

